<?xml version="1.0" encoding="UTF-8"?>
<testsuite xmlns:xsi="http://www.w3.org/2001/XMLSchema-instance" xsi:noNamespaceSchemaLocation="https://maven.apache.org/surefire/maven-surefire-plugin/xsd/surefire-test-report.xsd" name="cl.previred.desafio.uno.nivel1.service.impl.DesafioUnoServiceImplTest" time="3.442" tests="1" errors="0" skipped="0" failures="0">
  <properties>
[...]
</properties>
  <testcase name="test" classname="cl.previred.desafio.uno.nivel1.service.impl.DesafioUnoServiceImplTest" time="0.155"/>
</testsuite>